# JRE version: OpenJDK Runtime Environment Temurin-17.0.2+8 (17.0.2+8) (build 17.0.2+8)
# Java VM: OpenJDK 64-Bit Server VM Temurin-17.0.2+8 (17.0.2+8, mixed mode, tiered, compressed oops, compressed class ptrs, g1 gc, windows-amd64)
GC Precious Log:
 CPUs: 12 total, 12 available
 Memory: 7930M
 Large Page Support: Disabled
 NUMA Support: Disabled
 Compressed Oops: Enabled (32-bit)
 Heap Region Size: 1M
 Heap Min Capacity: 8M
 Heap Initial Capacity: 124M
 Heap Max Capacity: 1984M
 Pre-touch: Disabled
 Parallel Workers: 10
 Concurrent Workers: 3
 Concurrent Refinement Workers: 10
 Periodic GC: Disabled
Heap:
 garbage-first heap   total 167936K, used 110513K [0x0000000084000000, 0x0000000100000000)
  region size 1024K, 55 young (56320K), 1 survivors (1024K)
 Metaspace       used 102193K, committed 102976K, reserved 1138688K
  class space    used 13120K, committed 13504K, reserved 1048576K
GC Heap History (20 events):
Event: 1298.259 GC heap before
{Heap before GC invocations=78 (full 0):
 garbage-first heap   total 167936K, used 146399K [0x0000000084000000, 0x0000000100000000)
  region size 1024K, 90 young (92160K), 1 survivors (1024K)
 Metaspace       used 101792K, committed 102592K, reserved 1138688K
  class space    used 13120K, committed 13504K, reserved 1048576K
}
Event: 1298.260 GC heap after
{Heap after GC invocations=79 (full 0):
 garbage-first heap   total 167936K, used 56185K [0x0000000084000000, 0x0000000100000000)
  region size 1024K, 1 young (1024K), 1 survivors (1024K)
 Metaspace       used 101792K, committed 102592K, reserved 1138688K
  class space    used 13120K, committed 13504K, reserved 1048576K
}
Event: 1305.681 GC heap before
{Heap before GC invocations=79 (full 0):
 garbage-first heap   total 167936K, used 147321K [0x0000000084000000, 0x0000000100000000)
  region size 1024K, 90 young (92160K), 1 survivors (1024K)
 Metaspace       used 101905K, committed 102656K, reserved 1138688K
  class space    used 13120K, committed 13504K, reserved 1048576K
}
Event: 1305.683 GC heap after
{Heap after GC invocations=80 (full 0):
 garbage-first heap   total 167936K, used 56440K [0x0000000084000000, 0x0000000100000000)
  region size 1024K, 1 young (1024K), 1 survivors (1024K)
 Metaspace       used 101905K, committed 102656K, reserved 1138688K
  class space    used 13120K, committed 13504K, reserved 1048576K
}
Event: 1306.267 GC heap before
{Heap before GC invocations=80 (full 0):
 garbage-first heap   total 167936K, used 147576K [0x0000000084000000, 0x0000000100000000)
  region size 1024K, 90 young (92160K), 1 survivors (1024K)
 Metaspace       used 101923K, committed 102656K, reserved 1138688K
  class space    used 13120K, committed 13504K, reserved 1048576K
}
Event: 1306.269 GC heap after
{Heap after GC invocations=81 (full 0):
 garbage-first heap   total 167936K, used 56315K [0x0000000084000000, 0x0000000100000000)
  region size 1024K, 1 young (1024K), 1 survivors (1024K)
 Metaspace       used 101923K, committed 102656K, reserved 1138688K
  class space    used 13120K, committed 13504K, reserved 1048576K
}
Event: 1309.687 GC heap before
{Heap before GC invocations=81 (full 0):
 garbage-first heap   total 167936K, used 147451K [0x0000000084000000, 0x0000000100000000)
  region size 1024K, 90 young (92160K), 1 survivors (1024K)
 Metaspace       used 101935K, committed 102720K, reserved 1138688K
  class space    used 13120K, committed 13504K, reserved 1048576K
}
Event: 1309.689 GC heap after
{Heap after GC invocations=82 (full 0):
 garbage-first heap   total 167936K, used 56176K [0x0000000084000000, 0x0000000100000000)
  region size 1024K, 1 young (1024K), 1 survivors (1024K)
 Metaspace       used 101935K, committed 102720K, reserved 1138688K
  class space    used 13120K, committed 13504K, reserved 1048576K
}
Event: 1366.221 GC heap before
{Heap before GC invocations=82 (full 0):
 garbage-first heap   total 167936K, used 146288K [0x0000000084000000, 0x0000000100000000)
  region size 1024K, 90 young (92160K), 1 survivors (1024K)
 Metaspace       used 101939K, committed 102720K, reserved 1138688K
  class space    used 13120K, committed 13504K, reserved 1048576K
}
Event: 1366.222 GC heap after
{Heap after GC invocations=83 (full 0):
 garbage-first heap   total 167936K, used 56311K [0x0000000084000000, 0x0000000100000000)
  region size 1024K, 1 young (1024K), 1 survivors (1024K)
 Metaspace       used 101939K, committed 102720K, reserved 1138688K
  class space    used 13120K, committed 13504K, reserved 1048576K
}
Event: 1372.997 GC heap before
{Heap before GC invocations=83 (full 0):
 garbage-first heap   total 167936K, used 147447K [0x0000000084000000, 0x0000000100000000)
  region size 1024K, 90 young (92160K), 1 survivors (1024K)
 Metaspace       used 101963K, committed 102720K, reserved 1138688K
  class space    used 13120K, committed 13504K, reserved 1048576K
}
Event: 1373.000 GC heap after
{Heap after GC invocations=84 (full 0):
 garbage-first heap   total 167936K, used 56459K [0x0000000084000000, 0x0000000100000000)
  region size 1024K, 1 young (1024K), 1 survivors (1024K)
 Metaspace       used 101963K, committed 102720K, reserved 1138688K
  class space    used 13120K, committed 13504K, reserved 1048576K
}
Event: 1373.378 GC heap before
{Heap before GC invocations=84 (full 0):
 garbage-first heap   total 167936K, used 147595K [0x0000000084000000, 0x0000000100000000)
  region size 1024K, 90 young (92160K), 1 survivors (1024K)
 Metaspace       used 101974K, committed 102784K, reserved 1138688K
  class space    used 13120K, committed 13504K, reserved 1048576K
}
Event: 1373.381 GC heap after
{Heap after GC invocations=85 (full 0):
 garbage-first heap   total 167936K, used 56230K [0x0000000084000000, 0x0000000100000000)
  region size 1024K, 1 young (1024K), 1 survivors (1024K)
 Metaspace       used 101974K, committed 102784K, reserved 1138688K
  class space    used 13120K, committed 13504K, reserved 1048576K
}
Event: 1374.814 GC heap before
{Heap before GC invocations=85 (full 0):
 garbage-first heap   total 167936K, used 147366K [0x0000000084000000, 0x0000000100000000)
  region size 1024K, 90 young (92160K), 1 survivors (1024K)
 Metaspace       used 102016K, committed 102848K, reserved 1138688K
  class space    used 13120K, committed 13504K, reserved 1048576K
}
Event: 1374.815 GC heap after
{Heap after GC invocations=86 (full 0):
 garbage-first heap   total 167936K, used 56499K [0x0000000084000000, 0x0000000100000000)
  region size 1024K, 1 young (1024K), 1 survivors (1024K)
 Metaspace       used 102016K, committed 102848K, reserved 1138688K
  class space    used 13120K, committed 13504K, reserved 1048576K
}
Event: 1418.644 GC heap before
{Heap before GC invocations=86 (full 0):
 garbage-first heap   total 167936K, used 147635K [0x0000000084000000, 0x0000000100000000)
  region size 1024K, 90 young (92160K), 1 survivors (1024K)
 Metaspace       used 102048K, committed 102848K, reserved 1138688K
  class space    used 13120K, committed 13504K, reserved 1048576K
}
Event: 1418.646 GC heap after
{Heap after GC invocations=87 (full 0):
 garbage-first heap   total 167936K, used 56648K [0x0000000084000000, 0x0000000100000000)
  region size 1024K, 1 young (1024K), 1 survivors (1024K)
 Metaspace       used 102048K, committed 102848K, reserved 1138688K
  class space    used 13120K, committed 13504K, reserved 1048576K
}
Event: 1422.206 GC heap before
{Heap before GC invocations=87 (full 0):
 garbage-first heap   total 167936K, used 147784K [0x0000000084000000, 0x0000000100000000)
  region size 1024K, 90 young (92160K), 1 survivors (1024K)
 Metaspace       used 102133K, committed 102912K, reserved 1138688K
  class space    used 13120K, committed 13504K, reserved 1048576K
}
Event: 1422.208 GC heap after
{Heap after GC invocations=88 (full 0):
 garbage-first heap   total 167936K, used 56241K [0x0000000084000000, 0x0000000100000000)
  region size 1024K, 1 young (1024K), 1 survivors (1024K)
 Metaspace       used 102133K, committed 102912K, reserved 1138688K
  class space    used 13120K, committed 13504K, reserved 1048576K
}

