# JRE version: OpenJDK Runtime Environment Temurin-17.0.2+8 (17.0.2+8) (build 17.0.2+8)
# Java VM: OpenJDK 64-Bit Server VM Temurin-17.0.2+8 (17.0.2+8, mixed mode, tiered, compressed oops, compressed class ptrs, g1 gc, windows-amd64)
GC Precious Log:
 CPUs: 12 total, 12 available
 Memory: 7930M
 Large Page Support: Disabled
 NUMA Support: Disabled
 Compressed Oops: Enabled (32-bit)
 Heap Region Size: 1M
 Heap Min Capacity: 8M
 Heap Initial Capacity: 124M
 Heap Max Capacity: 1984M
 Pre-touch: Disabled
 Parallel Workers: 10
 Concurrent Workers: 3
 Concurrent Refinement Workers: 10
 Periodic GC: Disabled
Heap:
 garbage-first heap   total 138240K, used 108715K [0x0000000084000000, 0x0000000100000000)
  region size 1024K, 56 young (57344K), 4 survivors (4096K)
 Metaspace       used 98612K, committed 99328K, reserved 1138688K
  class space    used 13164K, committed 13504K, reserved 1048576K
GC Heap History (20 events):
Event: 8.132 GC heap before
{Heap before GC invocations=36 (full 0):
 garbage-first heap   total 73728K, used 59769K [0x0000000084000000, 0x0000000100000000)
  region size 1024K, 21 young (21504K), 2 survivors (2048K)
 Metaspace       used 79904K, committed 80512K, reserved 1122304K
  class space    used 10846K, committed 11136K, reserved 1048576K
}
Event: 8.134 GC heap after
{Heap after GC invocations=37 (full 0):
 garbage-first heap   total 73728K, used 41220K [0x0000000084000000, 0x0000000100000000)
  region size 1024K, 1 young (1024K), 1 survivors (1024K)
 Metaspace       used 79904K, committed 80512K, reserved 1122304K
  class space    used 10846K, committed 11136K, reserved 1048576K
}
Event: 8.138 GC heap before
{Heap before GC invocations=37 (full 0):
 garbage-first heap   total 73728K, used 43268K [0x0000000084000000, 0x0000000100000000)
  region size 1024K, 3 young (3072K), 1 survivors (1024K)
 Metaspace       used 79905K, committed 80512K, reserved 1122304K
  class space    used 10846K, committed 11136K, reserved 1048576K
}
Event: 8.139 GC heap after
{Heap after GC invocations=38 (full 0):
 garbage-first heap   total 73728K, used 40789K [0x0000000084000000, 0x0000000100000000)
  region size 1024K, 1 young (1024K), 1 survivors (1024K)
 Metaspace       used 79905K, committed 80512K, reserved 1122304K
  class space    used 10846K, committed 11136K, reserved 1048576K
}
Event: 8.217 GC heap before
{Heap before GC invocations=38 (full 0):
 garbage-first heap   total 73728K, used 59221K [0x0000000084000000, 0x0000000100000000)
  region size 1024K, 19 young (19456K), 1 survivors (1024K)
 Metaspace       used 80175K, committed 80768K, reserved 1122304K
  class space    used 10940K, committed 11200K, reserved 1048576K
}
Event: 8.219 GC heap after
{Heap after GC invocations=39 (full 0):
 garbage-first heap   total 138240K, used 41517K [0x0000000084000000, 0x0000000100000000)
  region size 1024K, 1 young (1024K), 1 survivors (1024K)
 Metaspace       used 80175K, committed 80768K, reserved 1122304K
  class space    used 10940K, committed 11200K, reserved 1048576K
}
Event: 8.571 GC heap before
{Heap before GC invocations=40 (full 0):
 garbage-first heap   total 138240K, used 115245K [0x0000000084000000, 0x0000000100000000)
  region size 1024K, 73 young (74752K), 1 survivors (1024K)
 Metaspace       used 80762K, committed 81344K, reserved 1122304K
  class space    used 11013K, committed 11264K, reserved 1048576K
}
Event: 8.575 GC heap after
{Heap after GC invocations=41 (full 0):
 garbage-first heap   total 138240K, used 43651K [0x0000000084000000, 0x0000000100000000)
  region size 1024K, 3 young (3072K), 3 survivors (3072K)
 Metaspace       used 80762K, committed 81344K, reserved 1122304K
  class space    used 11013K, committed 11264K, reserved 1048576K
}
Event: 8.596 GC heap before
{Heap before GC invocations=41 (full 0):
 garbage-first heap   total 138240K, used 46723K [0x0000000084000000, 0x0000000100000000)
  region size 1024K, 6 young (6144K), 3 survivors (3072K)
 Metaspace       used 80809K, committed 81344K, reserved 1122304K
  class space    used 11017K, committed 11264K, reserved 1048576K
}
Event: 8.599 GC heap after
{Heap after GC invocations=42 (full 0):
 garbage-first heap   total 138240K, used 43353K [0x0000000084000000, 0x0000000100000000)
  region size 1024K, 1 young (1024K), 1 survivors (1024K)
 Metaspace       used 80809K, committed 81344K, reserved 1122304K
  class space    used 11017K, committed 11264K, reserved 1048576K
}
Event: 8.884 GC heap before
{Heap before GC invocations=42 (full 0):
 garbage-first heap   total 138240K, used 112985K [0x0000000084000000, 0x0000000100000000)
  region size 1024K, 69 young (70656K), 1 survivors (1024K)
 Metaspace       used 81503K, committed 82112K, reserved 1122304K
  class space    used 11062K, committed 11328K, reserved 1048576K
}
Event: 8.886 GC heap after
{Heap after GC invocations=43 (full 0):
 garbage-first heap   total 138240K, used 44843K [0x0000000084000000, 0x0000000100000000)
  region size 1024K, 2 young (2048K), 2 survivors (2048K)
 Metaspace       used 81503K, committed 82112K, reserved 1122304K
  class space    used 11062K, committed 11328K, reserved 1048576K
}
Event: 9.883 GC heap before
{Heap before GC invocations=43 (full 0):
 garbage-first heap   total 138240K, used 114475K [0x0000000084000000, 0x0000000100000000)
  region size 1024K, 70 young (71680K), 2 survivors (2048K)
 Metaspace       used 87686K, committed 88320K, reserved 1130496K
  class space    used 11988K, committed 12288K, reserved 1048576K
}
Event: 9.889 GC heap after
{Heap after GC invocations=44 (full 0):
 garbage-first heap   total 138240K, used 50107K [0x0000000084000000, 0x0000000100000000)
  region size 1024K, 7 young (7168K), 7 survivors (7168K)
 Metaspace       used 87686K, committed 88320K, reserved 1130496K
  class space    used 11988K, committed 12288K, reserved 1048576K
}
Event: 122.985 GC heap before
{Heap before GC invocations=44 (full 0):
 garbage-first heap   total 138240K, used 113595K [0x0000000084000000, 0x0000000100000000)
  region size 1024K, 69 young (70656K), 7 survivors (7168K)
 Metaspace       used 92006K, committed 92672K, reserved 1130496K
  class space    used 12554K, committed 12864K, reserved 1048576K
}
Event: 122.994 GC heap after
{Heap after GC invocations=45 (full 0):
 garbage-first heap   total 138240K, used 53407K [0x0000000084000000, 0x0000000100000000)
  region size 1024K, 4 young (4096K), 4 survivors (4096K)
 Metaspace       used 92006K, committed 92672K, reserved 1130496K
  class space    used 12554K, committed 12864K, reserved 1048576K
}
Event: 130.404 GC heap before
{Heap before GC invocations=45 (full 0):
 garbage-first heap   total 138240K, used 111775K [0x0000000084000000, 0x0000000100000000)
  region size 1024K, 62 young (63488K), 4 survivors (4096K)
 Metaspace       used 96702K, committed 97344K, reserved 1138688K
  class space    used 13050K, committed 13376K, reserved 1048576K
}
Event: 130.411 GC heap after
{Heap after GC invocations=46 (full 0):
 garbage-first heap   total 138240K, used 55380K [0x0000000084000000, 0x0000000100000000)
  region size 1024K, 6 young (6144K), 6 survivors (6144K)
 Metaspace       used 96702K, committed 97344K, reserved 1138688K
  class space    used 13050K, committed 13376K, reserved 1048576K
}
Event: 131.198 GC heap before
{Heap before GC invocations=46 (full 0):
 garbage-first heap   total 138240K, used 113748K [0x0000000084000000, 0x0000000100000000)
  region size 1024K, 63 young (64512K), 6 survivors (6144K)
 Metaspace       used 97872K, committed 98560K, reserved 1138688K
  class space    used 13138K, committed 13504K, reserved 1048576K
}
Event: 131.204 GC heap after
{Heap after GC invocations=47 (full 0):
 garbage-first heap   total 138240K, used 56491K [0x0000000084000000, 0x0000000100000000)
  region size 1024K, 4 young (4096K), 4 survivors (4096K)
 Metaspace       used 97872K, committed 98560K, reserved 1138688K
  class space    used 13138K, committed 13504K, reserved 1048576K
}

